<?xml version="1.0" encoding="UTF-8"?>
<!-- Generated by org.testng.reporters.JUnitXMLReporter -->
<testsuite hostname="ID-0462" name=" US31544_TC01_GSC_SaharaSouthAfrica" tests="1" failures="1" timestamp="21 Apr 2018 14:14:29 GMT" time="97.466" errors="0">
  <testcase name="US31544_TC01_GSC_SaharaSouthAfrica" time="97.464" classname="com.incessant.uiautomation.pages.US31544_TC01_GSC_SaharaSouthAfrica">
    <failure type="java.lang.IllegalStateException" message="The driver executable does not exist: D:\CCMS_2\JohnDeereAutomation\resources\Dirvers\chromedriver.exe">
      <![CDATA[java.lang.IllegalStateException: The driver executable does not exist: D:\CCMS_2\JohnDeereAutomation\resources\Dirvers\chromedriver.exe
	at com.google.common.base.Preconditions.checkState(Preconditions.java:518)
	at org.openqa.selenium.remote.service.DriverService.checkExecutable(DriverService.java:136)
	at org.openqa.selenium.remote.service.DriverService.findExecutable(DriverService.java:131)
	at org.openqa.selenium.chrome.ChromeDriverService.access$000(ChromeDriverService.java:32)
	at org.openqa.selenium.chrome.ChromeDriverService$Builder.findDefaultExecutable(ChromeDriverService.java:137)
	at org.openqa.selenium.remote.service.DriverService$Builder.build(DriverService.java:330)
	at org.openqa.selenium.chrome.ChromeDriverService.createDefaultService(ChromeDriverService.java:88)
	at org.openqa.selenium.chrome.ChromeDriver.<init>(ChromeDriver.java:124)
	at com.incessant.uiautomation.pages.US31544_TC01_GSC_SaharaSouthAfrica.US31544_TC01_GSC_SaharaSouthAfrica(US31544_TC01_GSC_SaharaSouthAfrica.java:44)
... Removed 24 stack frames]]>
    </failure>
  </testcase> <!-- US31544_TC01_GSC_SaharaSouthAfrica -->
</testsuite> <!--  US31544_TC01_GSC_SaharaSouthAfrica -->
