<?xml version="1.0" encoding="UTF-8"?>
<!-- Generated by org.testng.reporters.JUnitXMLReporter -->
<testsuite hostname="ID-0462" name=" WebForm_forJDParts_US31546" tests="1" failures="1" timestamp="21 Apr 2018 14:08:41 GMT" time="176.548" errors="0">
  <testcase name="JDPartsWebformCCMSDetails" time="176.51" classname="com.incessant.uiautomation.pages.WebForm_forJDParts_US31546">
    <failure type="org.openqa.selenium.WebDriverException" message="unknown error: Element &amp;lt;button data-test-id=&amp;quot;2018032009190808106446&amp;quot; data-ctl=&amp;quot;&amp;quot; data-click=&amp;quot;[[&amp;amp;quot;refresh&amp;amp;quot;, [&amp;amp;quot;thisSection&amp;amp;quot;,&amp;amp;quot;&amp;amp;quot;, &amp;amp;quot;&amp;amp;quot;, &amp;amp;quot;&amp;amp;amp;=&amp;amp;quot;, &amp;amp;quot;&amp;amp;quot;, &amp;amp;quot;SetUserDecision,UserDecision=Route&amp;amp;quot;,&amp;amp;quot;:event&amp;amp;quot;,&amp;amp;quot;&amp;amp;quot;,&amp;amp;quot;pyWorkPage&amp;amp;quot;]],[&amp;amp;quot;setMobileTransition&amp;amp;quot;,[&amp;amp;quot;pega.mobile.transitions.NONE&amp;amp;quot;]],[&amp;amp;quot;setUserStart&amp;amp;quot;,[&amp;amp;quot;FINISHASSIGNMENT&amp;amp;quot;]],[&amp;amp;quot;doForm...&amp;amp;quot;,[&amp;amp;quot;pyActivity=FinishAssignment&amp;amp;quot;,&amp;amp;quot;:this&amp;amp;quot;,&amp;amp;quot;&amp;amp;quot;,&amp;amp;quot;:event&amp;amp;quot;]]]&amp;quot; name=&amp;quot;WebformButtons_pyWorkPage_1&amp;quot; class=&amp;quot;pzhc pzbutton&amp;quot; type=&amp;quot;button&amp;quot;&amp;gt;Submit&amp;lt;/button&amp;gt; is not clickable at point (637, 513). Other element would receive the click: &amp;lt;div class=&amp;quot;modal-content&amp;quot; id=&amp;quot;modalContent&amp;quot; uniqueid=&amp;quot;yui-gen2&amp;quot;&amp;gt;...&amp;lt;/div&amp;gt;
  (Session info: chrome=65.0.3325.181)
  (Driver info: chromedriver=2.37.543627 (63642262d9fb93fb4ab52398be4286d844092a5e),platform=Windows NT 6.1.7601 SP1 x86_64) (WARNING: The server did not provide any stacktrace information)
Command duration or timeout: 44 milliseconds
Build info: version: &amp;apos;3.4.0&amp;apos;, revision: &amp;apos;unknown&amp;apos;, time: &amp;apos;unknown&amp;apos;
System info: host: &amp;apos;ID-0462&amp;apos;, ip: &amp;apos;172.18.2.138&amp;apos;, os.name: &amp;apos;Windows 7&amp;apos;, os.arch: &amp;apos;x86&amp;apos;, os.version: &amp;apos;6.1&amp;apos;, java.version: &amp;apos;1.8.0_162&amp;apos;
Driver info: org.openqa.selenium.chrome.ChromeDriver
Capabilities [{applicationCacheEnabled=false, rotatable=false, mobileEmulationEnabled=false, networkConnectionEnabled=false, chrome={chromedriverVersion=2.37.543627 (63642262d9fb93fb4ab52398be4286d844092a5e), userDataDir=C:\Users\sandeepr\AppData\Local\Temp\scoped_dir14488_22782}, takesHeapSnapshot=true, pageLoadStrategy=normal, databaseEnabled=false, handlesAlerts=true, hasTouchScreen=false, version=65.0.3325.181, platform=XP, browserConnectionEnabled=false, nativeEvents=true, acceptSslCerts=false, acceptInsecureCerts=false, locationContextEnabled=true, webStorageEnabled=true, browserName=chrome, takesScreenshot=true, javascriptEnabled=true, cssSelectorsEnabled=true, setWindowRect=true, unexpectedAlertBehaviour=}]
Session ID: 023f2311e0806b8e41953d76d316bce9">
      <![CDATA[org.openqa.selenium.WebDriverException: unknown error: Element <button data-test-id="2018032009190808106446" data-ctl="" data-click="[[&quot;refresh&quot;, [&quot;thisSection&quot;,&quot;&quot;, &quot;&quot;, &quot;&amp;=&quot;, &quot;&quot;, &quot;SetUserDecision,UserDecision=Route&quot;,&quot;:event&quot;,&quot;&quot;,&quot;pyWorkPage&quot;]],[&quot;setMobileTransition&quot;,[&quot;pega.mobile.transitions.NONE&quot;]],[&quot;setUserStart&quot;,[&quot;FINISHASSIGNMENT&quot;]],[&quot;doForm...&quot;,[&quot;pyActivity=FinishAssignment&quot;,&quot;:this&quot;,&quot;&quot;,&quot;:event&quot;]]]" name="WebformButtons_pyWorkPage_1" class="pzhc pzbutton" type="button">Submit</button> is not clickable at point (637, 513). Other element would receive the click: <div class="modal-content" id="modalContent" uniqueid="yui-gen2">...</div>
  (Session info: chrome=65.0.3325.181)
  (Driver info: chromedriver=2.37.543627 (63642262d9fb93fb4ab52398be4286d844092a5e),platform=Windows NT 6.1.7601 SP1 x86_64) (WARNING: The server did not provide any stacktrace information)
Command duration or timeout: 44 milliseconds
Build info: version: '3.4.0', revision: 'unknown', time: 'unknown'
System info: host: 'ID-0462', ip: '172.18.2.138', os.name: 'Windows 7', os.arch: 'x86', os.version: '6.1', java.version: '1.8.0_162'
Driver info: org.openqa.selenium.chrome.ChromeDriver
Capabilities [{applicationCacheEnabled=false, rotatable=false, mobileEmulationEnabled=false, networkConnectionEnabled=false, chrome={chromedriverVersion=2.37.543627 (63642262d9fb93fb4ab52398be4286d844092a5e), userDataDir=C:\Users\sandeepr\AppData\Local\Temp\scoped_dir14488_22782}, takesHeapSnapshot=true, pageLoadStrategy=normal, databaseEnabled=false, handlesAlerts=true, hasTouchScreen=false, version=65.0.3325.181, platform=XP, browserConnectionEnabled=false, nativeEvents=true, acceptSslCerts=false, acceptInsecureCerts=false, locationContextEnabled=true, webStorageEnabled=true, browserName=chrome, takesScreenshot=true, javascriptEnabled=true, cssSelectorsEnabled=true, setWindowRect=true, unexpectedAlertBehaviour=}]
Session ID: 023f2311e0806b8e41953d76d316bce9
	at org.openqa.selenium.remote.ErrorHandler.createThrowable(ErrorHandler.java:215)
	at org.openqa.selenium.remote.ErrorHandler.throwIfResponseFailed(ErrorHandler.java:167)
	at org.openqa.selenium.remote.RemoteWebDriver.execute(RemoteWebDriver.java:671)
	at org.openqa.selenium.remote.RemoteWebElement.execute(RemoteWebElement.java:272)
	at org.openqa.selenium.remote.RemoteWebElement.click(RemoteWebElement.java:82)
	at com.incessant.uiautomation.ui.actions.JDParts_WebFormPage.JDPartValidation(JDParts_WebFormPage.java:137)
	at com.incessant.uiautomation.ui.actions.ProcessFlowActions.JDParts(ProcessFlowActions.java:1682)
	at com.incessant.uiautomation.util.Customer_JohnDeere_URLS.Customer_URLS(Customer_JohnDeere_URLS.java:93)
	at com.incessant.uiautomation.pages.WebForm_forJDParts_US31546.JDPartsWebformCCMSDetails(WebForm_forJDParts_US31546.java:29)
... Removed 28 stack frames]]>
    </failure>
  </testcase> <!-- JDPartsWebformCCMSDetails -->
</testsuite> <!--  WebForm_forJDParts_US31546 -->
