<html>
<head>
<title>TestNG:   WebForm_forJDParts_US31546</title>
<link href="../testng.css" rel="stylesheet" type="text/css" />
<link href="../my-testng.css" rel="stylesheet" type="text/css" />

<style type="text/css">
.log { display: none;} 
.stack-trace { display: none;} 
</style>
<script type="text/javascript">
<!--
function flip(e) {
  current = e.style.display;
  if (current == 'block') {
    e.style.display = 'none';
    return 0;
  }
  else {
    e.style.display = 'block';
    return 1;
  }
}

function toggleBox(szDivId, elem, msg1, msg2)
{
  var res = -1;  if (document.getElementById) {
    res = flip(document.getElementById(szDivId));
  }
  else if (document.all) {
    // this is the way old msie versions work
    res = flip(document.all[szDivId]);
  }
  if(elem) {
    if(res == 0) elem.innerHTML = msg1; else elem.innerHTML = msg2;
  }

}

function toggleAllBoxes() {
  if (document.getElementsByTagName) {
    d = document.getElementsByTagName('div');
    for (i = 0; i < d.length; i++) {
      if (d[i].className == 'log') {
        flip(d[i]);
      }
    }
  }
}

// -->
</script>

</head>
<body>
<h2 align='center'> WebForm_forJDParts_US31546</h2><table border='1' align="center">
<tr>
<td>Tests passed/Failed/Skipped:</td><td>0/1/0</td>
</tr><tr>
<td>Started on:</td><td>Sat Apr 21 19:35:45 GMT+05:30 2018</td>
</tr>
<tr><td>Total time:</td><td>176 seconds (176548 ms)</td>
</tr><tr>
<td>Included groups:</td><td></td>
</tr><tr>
<td>Excluded groups:</td><td></td>
</tr>
</table><p/>
<small><i>(Hover the method name to see the test class name)</i></small><p/>
<table width='100%' border='1' class='invocation-failed'>
<tr><td colspan='4' align='center'><b>FAILED TESTS</b></td></tr>
<tr><td><b>Test method</b></td>
<td width="30%"><b>Exception</b></td>
<td width="10%"><b>Time (seconds)</b></td>
<td><b>Instance</b></td>
</tr>
<tr>
<td title='com.incessant.uiautomation.pages.WebForm_forJDParts_US31546.JDPartsWebformCCMSDetails()'><b>JDPartsWebformCCMSDetails</b><br>Test class: com.incessant.uiautomation.pages.WebForm_forJDParts_US31546</td>
<td><div><pre>org.openqa.selenium.WebDriverException: unknown error: Element &lt;button data-test-id=&quot;2018032009190808106446&quot; data-ctl=&quot;&quot; data-click=&quot;[[&amp;quot;refresh&amp;quot;, [&amp;quot;thisSection&amp;quot;,&amp;quot;&amp;quot;, &amp;quot;&amp;quot;, &amp;quot;&amp;amp;=&amp;quot;, &amp;quot;&amp;quot;, &amp;quot;SetUserDecision,UserDecision=Route&amp;quot;,&amp;quot;:event&amp;quot;,&amp;quot;&amp;quot;,&amp;quot;pyWorkPage&amp;quot;]],[&amp;quot;setMobileTransition&amp;quot;,[&amp;quot;pega.mobile.transitions.NONE&amp;quot;]],[&amp;quot;setUserStart&amp;quot;,[&amp;quot;FINISHASSIGNMENT&amp;quot;]],[&amp;quot;doForm...&amp;quot;,[&amp;quot;pyActivity=FinishAssignment&amp;quot;,&amp;quot;:this&amp;quot;,&amp;quot;&amp;quot;,&amp;quot;:event&amp;quot;]]]&quot; name=&quot;WebformButtons_pyWorkPage_1&quot; class=&quot;pzhc pzbutton&quot; type=&quot;button&quot;&gt;Submit&lt;/button&gt; is not clickable at point (637, 513). Other element would receive the click: &lt;div class=&quot;modal-content&quot; id=&quot;modalContent&quot; uniqueid=&quot;yui-gen2&quot;&gt;...&lt;/div&gt;
  (Session info: chrome=65.0.3325.181)
  (Driver info: chromedriver=2.37.543627 (63642262d9fb93fb4ab52398be4286d844092a5e),platform=Windows NT 6.1.7601 SP1 x86_64) (WARNING: The server did not provide any stacktrace information)
Command duration or timeout: 44 milliseconds
Build info: version: &apos;3.4.0&apos;, revision: &apos;unknown&apos;, time: &apos;unknown&apos;
System info: host: &apos;ID-0462&apos;, ip: &apos;172.18.2.138&apos;, os.name: &apos;Windows 7&apos;, os.arch: &apos;x86&apos;, os.version: &apos;6.1&apos;, java.version: &apos;1.8.0_162&apos;
Driver info: org.openqa.selenium.chrome.ChromeDriver
Capabilities [{applicationCacheEnabled=false, rotatable=false, mobileEmulationEnabled=false, networkConnectionEnabled=false, chrome={chromedriverVersion=2.37.543627 (63642262d9fb93fb4ab52398be4286d844092a5e), userDataDir=C:\Users\sandeepr\AppData\Local\Temp\scoped_dir14488_22782}, takesHeapSnapshot=true, pageLoadStrategy=normal, databaseEnabled=false, handlesAlerts=true, hasTouchScreen=false, version=65.0.3325.181, platform=XP, browserConnectionEnabled=false, nativeEvents=true, acceptSslCerts=false, acceptInsecureCerts=false, locationContextEnabled=true, webStorageEnabled=true, browserName=chrome, takesScreenshot=true, javascriptEnabled=true, cssSelectorsEnabled=true, setWindowRect=true, unexpectedAlertBehaviour=}]
Session ID: 023f2311e0806b8e41953d76d316bce9
	at org.openqa.selenium.remote.ErrorHandler.createThrowable(ErrorHandler.java:215)
	at org.openqa.selenium.remote.ErrorHandler.throwIfResponseFailed(ErrorHandler.java:167)
	at org.openqa.selenium.remote.RemoteWebDriver.execute(RemoteWebDriver.java:671)
	at org.openqa.selenium.remote.RemoteWebElement.execute(RemoteWebElement.java:272)
	at org.openqa.selenium.remote.RemoteWebElement.click(RemoteWebElement.java:82)
	at com.incessant.uiautomation.ui.actions.JDParts_WebFormPage.JDPartValidation(JDParts_WebFormPage.java:137)
	at com.incessant.uiautomation.ui.actions.ProcessFlowActions.JDParts(ProcessFlowActions.java:1682)
	at com.incessant.uiautomation.util.Customer_JohnDeere_URLS.Customer_URLS(Customer_JohnDeere_URLS.java:93)
	at com.incessant.uiautomation.pages.WebForm_forJDParts_US31546.JDPartsWebformCCMSDetails(WebForm_forJDParts_US31546.java:29)
... Removed 28 stack frames</pre></div><a href='#' onClick='toggleBox("stack-trace16166036", this, "Click to show all stack frames", "Click to hide stack frames")'>Click to show all stack frames</a>
<div class='stack-trace' id='stack-trace16166036'><pre>org.openqa.selenium.WebDriverException: unknown error: Element &lt;button data-test-id=&quot;2018032009190808106446&quot; data-ctl=&quot;&quot; data-click=&quot;[[&amp;quot;refresh&amp;quot;, [&amp;quot;thisSection&amp;quot;,&amp;quot;&amp;quot;, &amp;quot;&amp;quot;, &amp;quot;&amp;amp;=&amp;quot;, &amp;quot;&amp;quot;, &amp;quot;SetUserDecision,UserDecision=Route&amp;quot;,&amp;quot;:event&amp;quot;,&amp;quot;&amp;quot;,&amp;quot;pyWorkPage&amp;quot;]],[&amp;quot;setMobileTransition&amp;quot;,[&amp;quot;pega.mobile.transitions.NONE&amp;quot;]],[&amp;quot;setUserStart&amp;quot;,[&amp;quot;FINISHASSIGNMENT&amp;quot;]],[&amp;quot;doForm...&amp;quot;,[&amp;quot;pyActivity=FinishAssignment&amp;quot;,&amp;quot;:this&amp;quot;,&amp;quot;&amp;quot;,&amp;quot;:event&amp;quot;]]]&quot; name=&quot;WebformButtons_pyWorkPage_1&quot; class=&quot;pzhc pzbutton&quot; type=&quot;button&quot;&gt;Submit&lt;/button&gt; is not clickable at point (637, 513). Other element would receive the click: &lt;div class=&quot;modal-content&quot; id=&quot;modalContent&quot; uniqueid=&quot;yui-gen2&quot;&gt;...&lt;/div&gt;
  (Session info: chrome=65.0.3325.181)
  (Driver info: chromedriver=2.37.543627 (63642262d9fb93fb4ab52398be4286d844092a5e),platform=Windows NT 6.1.7601 SP1 x86_64) (WARNING: The server did not provide any stacktrace information)
Command duration or timeout: 44 milliseconds
Build info: version: &apos;3.4.0&apos;, revision: &apos;unknown&apos;, time: &apos;unknown&apos;
System info: host: &apos;ID-0462&apos;, ip: &apos;172.18.2.138&apos;, os.name: &apos;Windows 7&apos;, os.arch: &apos;x86&apos;, os.version: &apos;6.1&apos;, java.version: &apos;1.8.0_162&apos;
Driver info: org.openqa.selenium.chrome.ChromeDriver
Capabilities [{applicationCacheEnabled=false, rotatable=false, mobileEmulationEnabled=false, networkConnectionEnabled=false, chrome={chromedriverVersion=2.37.543627 (63642262d9fb93fb4ab52398be4286d844092a5e), userDataDir=C:\Users\sandeepr\AppData\Local\Temp\scoped_dir14488_22782}, takesHeapSnapshot=true, pageLoadStrategy=normal, databaseEnabled=false, handlesAlerts=true, hasTouchScreen=false, version=65.0.3325.181, platform=XP, browserConnectionEnabled=false, nativeEvents=true, acceptSslCerts=false, acceptInsecureCerts=false, locationContextEnabled=true, webStorageEnabled=true, browserName=chrome, takesScreenshot=true, javascriptEnabled=true, cssSelectorsEnabled=true, setWindowRect=true, unexpectedAlertBehaviour=}]
Session ID: 023f2311e0806b8e41953d76d316bce9
	at sun.reflect.NativeConstructorAccessorImpl.newInstance0(Native Method)
	at sun.reflect.NativeConstructorAccessorImpl.newInstance(Unknown Source)
	at sun.reflect.DelegatingConstructorAccessorImpl.newInstance(Unknown Source)
	at java.lang.reflect.Constructor.newInstance(Unknown Source)
	at org.openqa.selenium.remote.ErrorHandler.createThrowable(ErrorHandler.java:215)
	at org.openqa.selenium.remote.ErrorHandler.throwIfResponseFailed(ErrorHandler.java:167)
	at org.openqa.selenium.remote.RemoteWebDriver.execute(RemoteWebDriver.java:671)
	at org.openqa.selenium.remote.RemoteWebElement.execute(RemoteWebElement.java:272)
	at org.openqa.selenium.remote.RemoteWebElement.click(RemoteWebElement.java:82)
	at com.incessant.uiautomation.ui.actions.JDParts_WebFormPage.JDPartValidation(JDParts_WebFormPage.java:137)
	at com.incessant.uiautomation.ui.actions.ProcessFlowActions.JDParts(ProcessFlowActions.java:1682)
	at com.incessant.uiautomation.util.Customer_JohnDeere_URLS.Customer_URLS(Customer_JohnDeere_URLS.java:93)
	at com.incessant.uiautomation.pages.WebForm_forJDParts_US31546.JDPartsWebformCCMSDetails(WebForm_forJDParts_US31546.java:29)
	at sun.reflect.NativeMethodAccessorImpl.invoke0(Native Method)
	at sun.reflect.NativeMethodAccessorImpl.invoke(Unknown Source)
	at sun.reflect.DelegatingMethodAccessorImpl.invoke(Unknown Source)
	at java.lang.reflect.Method.invoke(Unknown Source)
	at org.testng.internal.MethodInvocationHelper.invokeMethod(MethodInvocationHelper.java:86)
	at org.testng.internal.Invoker.invokeMethod(Invoker.java:643)
	at org.testng.internal.Invoker.invokeTestMethod(Invoker.java:820)
	at org.testng.internal.Invoker.invokeTestMethods(Invoker.java:1128)
	at org.testng.internal.TestMethodWorker.invokeTestMethods(TestMethodWorker.java:129)
	at org.testng.internal.TestMethodWorker.run(TestMethodWorker.java:112)
	at org.testng.TestRunner.privateRun(TestRunner.java:782)
	at org.testng.TestRunner.run(TestRunner.java:632)
	at org.testng.SuiteRunner.runTest(SuiteRunner.java:366)
	at org.testng.SuiteRunner.runSequentially(SuiteRunner.java:361)
	at org.testng.SuiteRunner.privateRun(SuiteRunner.java:319)
	at org.testng.SuiteRunner.run(SuiteRunner.java:268)
	at org.testng.SuiteRunnerWorker.runSuite(SuiteRunnerWorker.java:52)
	at org.testng.SuiteRunnerWorker.run(SuiteRunnerWorker.java:86)
	at org.testng.TestNG.runSuitesSequentially(TestNG.java:1244)
	at org.testng.TestNG.runSuitesLocally(TestNG.java:1169)
	at org.testng.TestNG.run(TestNG.java:1064)
	at org.testng.remote.AbstractRemoteTestNG.run(AbstractRemoteTestNG.java:114)
	at org.testng.remote.RemoteTestNG.initAndRun(RemoteTestNG.java:251)
	at org.testng.remote.RemoteTestNG.main(RemoteTestNG.java:77)
</pre></div></td>
<td>176</td>
<td>com.incessant.uiautomation.pages.WebForm_forJDParts_US31546@ebc39e</td></tr>
</table><p>
</body>
</html>