<?xml version="1.0" encoding="UTF-8"?>
<!-- Generated by org.testng.reporters.JUnitReportReporter -->
<testsuite hostname="ID-0462" name="com.incessant.uiautomation.pages.WebForm_forJDParts_US31546" tests="1" failures="0" timestamp="21 Apr 2018 14:20:18 GMT" time="176.510" errors="1">
  <testcase name="JDPartsWebformCCMSDetails" time="176.510" classname="com.incessant.uiautomation.pages.WebForm_forJDParts_US31546">
    <error type="org.openqa.selenium.WebDriverException" message="unknown error: Element &lt;button data-test-id=&quot;2018032009190808106446&quot; data-ctl=&quot;&quot; data-click=&quot;[[&amp;quot;refresh&amp;quot;, [&amp;quot;thisSection&amp;quot;,&amp;quot;&amp;quot;, &amp;quot;&amp;quot;, &amp;quot;&amp;amp;=&amp;quot;, &amp;quot;&amp;quot;, &amp;quot;SetUserDecision,UserDecision=Route&amp;quot;,&amp;quot;:event&amp;quot;,&amp;quot;&amp;quot;,&amp;quot;pyWorkPage&amp;quot;]],[&amp;quot;setMobileTransition&amp;quot;,[&amp;quot;pega.mobile.transitions.NONE&amp;quot;]],[&amp;quot;setUserStart&amp;quot;,[&amp;quot;FINISHASSIGNMENT&amp;quot;]],[&amp;quot;doForm...&amp;quot;,[&amp;quot;pyActivity=FinishAssignment&amp;quot;,&amp;quot;:this&amp;quot;,&amp;quot;&amp;quot;,&amp;quot;:event&amp;quot;]]]&quot; name=&quot;WebformButtons_pyWorkPage_1&quot; class=&quot;pzhc pzbutton&quot; type=&quot;button&quot;&gt;Submit&lt;/button&gt; is not clickable at point (637, 513). Other element would receive the click: &lt;div class=&quot;modal-content&quot; id=&quot;modalContent&quot; uniqueid=&quot;yui-gen2&quot;&gt;...&lt;/div&gt;
  (Session info: chrome=65.0.3325.181)
  (Driver info: chromedriver=2.37.543627 (63642262d9fb93fb4ab52398be4286d844092a5e),platform=Windows NT 6.1.7601 SP1 x86_64) (WARNING: The server did not provide any stacktrace information)
Command duration or timeout: 44 milliseconds
Build info: version: &#039;3.4.0&#039;, revision: &#039;unknown&#039;, time: &#039;unknown&#039;
System info: host: &#039;ID-0462&#039;, ip: &#039;172.18.2.138&#039;, os.name: &#039;Windows 7&#039;, os.arch: &#039;x86&#039;, os.version: &#039;6.1&#039;, java.version: &#039;1.8.0_162&#039;
Driver info: org.openqa.selenium.chrome.ChromeDriver
Capabilities [{applicationCacheEnabled=false, rotatable=false, mobileEmulationEnabled=false, networkConnectionEnabled=false, chrome={chromedriverVersion=2.37.543627 (63642262d9fb93fb4ab52398be4286d844092a5e), userDataDir=C:\Users\sandeepr\AppData\Local\Temp\scoped_dir14488_22782}, takesHeapSnapshot=true, pageLoadStrategy=normal, databaseEnabled=false, handlesAlerts=true, hasTouchScreen=false, version=65.0.3325.181, platform=XP, browserConnectionEnabled=false, nativeEvents=true, acceptSslCerts=false, acceptInsecureCerts=false, locationContextEnabled=true, webStorageEnabled=true, browserName=chrome, takesScreenshot=true, javascriptEnabled=true, cssSelectorsEnabled=true, setWindowRect=true, unexpectedAlertBehaviour=}]
Session ID: 023f2311e0806b8e41953d76d316bce9">
      <![CDATA[org.openqa.selenium.WebDriverException: unknown error: Element <button data-test-id="2018032009190808106446" data-ctl="" data-click="[[&quot;refresh&quot;, [&quot;thisSection&quot;,&quot;&quot;, &quot;&quot;, &quot;&amp;=&quot;, &quot;&quot;, &quot;SetUserDecision,UserDecision=Route&quot;,&quot;:event&quot;,&quot;&quot;,&quot;pyWorkPage&quot;]],[&quot;setMobileTransition&quot;,[&quot;pega.mobile.transitions.NONE&quot;]],[&quot;setUserStart&quot;,[&quot;FINISHASSIGNMENT&quot;]],[&quot;doForm...&quot;,[&quot;pyActivity=FinishAssignment&quot;,&quot;:this&quot;,&quot;&quot;,&quot;:event&quot;]]]" name="WebformButtons_pyWorkPage_1" class="pzhc pzbutton" type="button">Submit</button> is not clickable at point (637, 513). Other element would receive the click: <div class="modal-content" id="modalContent" uniqueid="yui-gen2">...</div>
  (Session info: chrome=65.0.3325.181)
  (Driver info: chromedriver=2.37.543627 (63642262d9fb93fb4ab52398be4286d844092a5e),platform=Windows NT 6.1.7601 SP1 x86_64) (WARNING: The server did not provide any stacktrace information)
Command duration or timeout: 44 milliseconds
Build info: version: '3.4.0', revision: 'unknown', time: 'unknown'
System info: host: 'ID-0462', ip: '172.18.2.138', os.name: 'Windows 7', os.arch: 'x86', os.version: '6.1', java.version: '1.8.0_162'
Driver info: org.openqa.selenium.chrome.ChromeDriver
Capabilities [{applicationCacheEnabled=false, rotatable=false, mobileEmulationEnabled=false, networkConnectionEnabled=false, chrome={chromedriverVersion=2.37.543627 (63642262d9fb93fb4ab52398be4286d844092a5e), userDataDir=C:\Users\sandeepr\AppData\Local\Temp\scoped_dir14488_22782}, takesHeapSnapshot=true, pageLoadStrategy=normal, databaseEnabled=false, handlesAlerts=true, hasTouchScreen=false, version=65.0.3325.181, platform=XP, browserConnectionEnabled=false, nativeEvents=true, acceptSslCerts=false, acceptInsecureCerts=false, locationContextEnabled=true, webStorageEnabled=true, browserName=chrome, takesScreenshot=true, javascriptEnabled=true, cssSelectorsEnabled=true, setWindowRect=true, unexpectedAlertBehaviour=}]
Session ID: 023f2311e0806b8e41953d76d316bce9
	at sun.reflect.NativeConstructorAccessorImpl.newInstance0(Native Method)
	at sun.reflect.NativeConstructorAccessorImpl.newInstance(Unknown Source)
	at sun.reflect.DelegatingConstructorAccessorImpl.newInstance(Unknown Source)
	at java.lang.reflect.Constructor.newInstance(Unknown Source)
	at org.openqa.selenium.remote.ErrorHandler.createThrowable(ErrorHandler.java:215)
	at org.openqa.selenium.remote.ErrorHandler.throwIfResponseFailed(ErrorHandler.java:167)
	at org.openqa.selenium.remote.RemoteWebDriver.execute(RemoteWebDriver.java:671)
	at org.openqa.selenium.remote.RemoteWebElement.execute(RemoteWebElement.java:272)
	at org.openqa.selenium.remote.RemoteWebElement.click(RemoteWebElement.java:82)
	at com.incessant.uiautomation.ui.actions.JDParts_WebFormPage.JDPartValidation(JDParts_WebFormPage.java:137)
	at com.incessant.uiautomation.ui.actions.ProcessFlowActions.JDParts(ProcessFlowActions.java:1682)
	at com.incessant.uiautomation.util.Customer_JohnDeere_URLS.Customer_URLS(Customer_JohnDeere_URLS.java:93)
	at com.incessant.uiautomation.pages.WebForm_forJDParts_US31546.JDPartsWebformCCMSDetails(WebForm_forJDParts_US31546.java:29)
	at sun.reflect.NativeMethodAccessorImpl.invoke0(Native Method)
	at sun.reflect.NativeMethodAccessorImpl.invoke(Unknown Source)
	at sun.reflect.DelegatingMethodAccessorImpl.invoke(Unknown Source)
	at java.lang.reflect.Method.invoke(Unknown Source)
	at org.testng.internal.MethodInvocationHelper.invokeMethod(MethodInvocationHelper.java:86)
	at org.testng.internal.Invoker.invokeMethod(Invoker.java:643)
	at org.testng.internal.Invoker.invokeTestMethod(Invoker.java:820)
	at org.testng.internal.Invoker.invokeTestMethods(Invoker.java:1128)
	at org.testng.internal.TestMethodWorker.invokeTestMethods(TestMethodWorker.java:129)
	at org.testng.internal.TestMethodWorker.run(TestMethodWorker.java:112)
	at org.testng.TestRunner.privateRun(TestRunner.java:782)
	at org.testng.TestRunner.run(TestRunner.java:632)
	at org.testng.SuiteRunner.runTest(SuiteRunner.java:366)
	at org.testng.SuiteRunner.runSequentially(SuiteRunner.java:361)
	at org.testng.SuiteRunner.privateRun(SuiteRunner.java:319)
	at org.testng.SuiteRunner.run(SuiteRunner.java:268)
	at org.testng.SuiteRunnerWorker.runSuite(SuiteRunnerWorker.java:52)
	at org.testng.SuiteRunnerWorker.run(SuiteRunnerWorker.java:86)
	at org.testng.TestNG.runSuitesSequentially(TestNG.java:1244)
	at org.testng.TestNG.runSuitesLocally(TestNG.java:1169)
	at org.testng.TestNG.run(TestNG.java:1064)
	at org.testng.remote.AbstractRemoteTestNG.run(AbstractRemoteTestNG.java:114)
	at org.testng.remote.RemoteTestNG.initAndRun(RemoteTestNG.java:251)
	at org.testng.remote.RemoteTestNG.main(RemoteTestNG.java:77)
]]>
    </error>
  </testcase> <!-- JDPartsWebformCCMSDetails -->
</testsuite> <!-- com.incessant.uiautomation.pages.WebForm_forJDParts_US31546 -->
